Friday 27th of January 2023 03:14:14 PM|/PHP/siteb2/index.php?id=log|http://localhost/PHP/siteb2/index.php

Friday 27th of January 2023 03:14:14 PM|/PHP/siteb2/index.php?id=log|http://localhost/PHP/siteb2/index.php

Friday 27th of January 2023 03:14:15 PM|/PHP/siteb2/index.php?id=log|http://localhost/PHP/siteb2/index.php

Friday 27th of January 2023 03:14:15 PM|/PHP/siteb2/index.php?id=log|http://localhost/PHP/siteb2/index.php

Friday 27th of January 2023 03:14:16 PM|/PHP/siteb2/index.php?id=log|http://localhost/PHP/siteb2/index.php?id=log

Friday 27th of January 2023 03:14:16 PM|/PHP/siteb2/index.php?id=log|http://localhost/PHP/siteb2/index.php?id=log

Friday 27th of January 2023 03:14:17 PM|/PHP/siteb2/index.php?id=log|http://localhost/PHP/siteb2/index.php?id=log

Friday 27th of January 2023 03:14:17 PM|/PHP/siteb2/index.php?id=log|http://localhost/PHP/siteb2/index.php?id=log

Friday 27th of January 2023 03:14:17 PM|/PHP/siteb2/index.php?id=log|http://localhost/PHP/siteb2/index.php?id=log

Friday 27th of January 2023 03:14:18 PM|/PHP/siteb2/index.php|http://localhost/PHP/siteb2/index.php?id=log

Friday 27th of January 2023 03:14:18 PM|/PHP/siteb2/index.php?id=contact|http://localhost/PHP/siteb2/index.php

Friday 27th of January 2023 03:14:19 PM|/PHP/siteb2/index.php?id=about|http://localhost/PHP/siteb2/index.php?id=contact

Friday 27th of January 2023 03:14:20 PM|/PHP/siteb2/index.php?id=info|http://localhost/PHP/siteb2/index.php?id=about

Friday 27th of January 2023 03:14:20 PM|/PHP/siteb2/index.php?id=gbook|http://localhost/PHP/siteb2/index.php?id=info

Friday 27th of January 2023 03:14:21 PM|/PHP/siteb2/index.php?id=log|http://localhost/PHP/siteb2/index.php?id=gbook

Friday 27th of January 2023 03:14:22 PM|/PHP/siteb2/index.php?id=log|http://localhost/PHP/siteb2/index.php?id=log

Friday 27th of January 2023 03:14:22 PM|/PHP/siteb2/index.php?id=log|http://localhost/PHP/siteb2/index.php?id=log

Friday 27th of January 2023 03:14:23 PM|/PHP/siteb2/index.php?id=log|http://localhost/PHP/siteb2/index.php?id=log

Friday 27th of January 2023 03:14:23 PM|/PHP/siteb2/index.php?id=log|http://localhost/PHP/siteb2/index.php?id=log

Friday 27th of January 2023 03:14:23 PM|/PHP/siteb2/index.php?id=log|http://localhost/PHP/siteb2/index.php?id=log

Friday 27th of January 2023 03:14:33 PM|/PHP/siteb2/index.php?id=log|http://localhost/PHP/siteb2/index.php?id=log

Friday 27th of January 2023 03:14:33 PM|/PHP/siteb2/index.php?id=log|http://localhost/PHP/siteb2/index.php?id=log

Friday 27th of January 2023 03:14:34 PM|/PHP/siteb2/index.php?id=log|http://localhost/PHP/siteb2/index.php?id=log

Friday 27th of January 2023 03:14:34 PM|/PHP/siteb2/index.php?id=log|http://localhost/PHP/siteb2/index.php?id=log

Friday 27th of January 2023 03:14:34 PM|/PHP/siteb2/index.php?id=log|http://localhost/PHP/siteb2/index.php?id=log

Friday 27th of January 2023 03:14:34 PM|/PHP/siteb2/index.php?id=log|http://localhost/PHP/siteb2/index.php?id=log

Friday 27th of January 2023 03:14:34 PM|/PHP/siteb2/index.php?id=log|http://localhost/PHP/siteb2/index.php?id=log

Friday 27th of January 2023 03:14:35 PM|/PHP/siteb2/index.php?id=log|http://localhost/PHP/siteb2/index.php?id=log

Friday 27th of January 2023 03:15:15 PM|/PHP/siteb2/index.php?id=log|http://localhost/PHP/siteb2/index.php?id=log

Friday 27th of January 2023 03:15:19 PM|/PHP/siteb2/index.php?id=log|http://localhost/PHP/siteb2/index.php?id=log

Friday 27th of January 2023 03:15:19 PM|/PHP/siteb2/index.php?id=log|http://localhost/PHP/siteb2/index.php?id=log

Friday 27th of January 2023 03:15:19 PM|/PHP/siteb2/index.php?id=log|http://localhost/PHP/siteb2/index.php?id=log

Friday 27th of January 2023 03:15:20 PM|/PHP/siteb2/index.php?id=log|http://localhost/PHP/siteb2/index.php?id=log

Friday 27th of January 2023 03:15:21 PM|/PHP/siteb2/index.php?id=contact|http://localhost/PHP/siteb2/index.php?id=log

Friday 27th of January 2023 03:15:21 PM|/PHP/siteb2/index.php?id=about|http://localhost/PHP/siteb2/index.php?id=contact

Friday 27th of January 2023 03:15:25 PM|/PHP/siteb2/index.php?id=about|http://localhost/PHP/siteb2/index.php?id=contact

Friday 27th of January 2023 03:15:25 PM|/PHP/siteb2/index.php?id=about|http://localhost/PHP/siteb2/index.php?id=contact

Friday 27th of January 2023 03:15:25 PM|/PHP/siteb2/index.php?id=about|http://localhost/PHP/siteb2/index.php?id=contact

Friday 27th of January 2023 03:15:26 PM|/PHP/siteb2/index.php?id=about|http://localhost/PHP/siteb2/index.php?id=contact

Friday 27th of January 2023 03:15:26 PM|/PHP/siteb2/index.php?id=about|http://localhost/PHP/siteb2/index.php?id=contact

Friday 27th of January 2023 03:15:26 PM|/PHP/siteb2/index.php?id=about|http://localhost/PHP/siteb2/index.php?id=contact

Friday 27th of January 2023 03:15:26 PM|/PHP/siteb2/index.php?id=about|http://localhost/PHP/siteb2/index.php?id=contact

Friday 27th of January 2023 03:15:26 PM|/PHP/siteb2/index.php?id=about|http://localhost/PHP/siteb2/index.php?id=contact

Friday 27th of January 2023 03:15:27 PM|/PHP/siteb2/index.php?id=about|http://localhost/PHP/siteb2/index.php?id=contact

Friday 27th of January 2023 03:15:27 PM|/PHP/siteb2/index.php?id=about|http://localhost/PHP/siteb2/index.php?id=contact

Friday 27th of January 2023 03:15:27 PM|/PHP/siteb2/index.php?id=about|http://localhost/PHP/siteb2/index.php?id=contact

Friday 27th of January 2023 03:15:27 PM|/PHP/siteb2/index.php?id=about|http://localhost/PHP/siteb2/index.php?id=contact

Friday 27th of January 2023 03:15:28 PM|/PHP/siteb2/index.php?id=about|http://localhost/PHP/siteb2/index.php?id=contact

Friday 27th of January 2023 03:15:28 PM|/PHP/siteb2/index.php?id=about|http://localhost/PHP/siteb2/index.php?id=contact

Friday 27th of January 2023 03:15:28 PM|/PHP/siteb2/index.php?id=about|http://localhost/PHP/siteb2/index.php?id=contact

Friday 27th of January 2023 03:15:29 PM|/PHP/siteb2/index.php?id=about|http://localhost/PHP/siteb2/index.php?id=contact

Friday 27th of January 2023 03:15:29 PM|/PHP/siteb2/index.php?id=about|http://localhost/PHP/siteb2/index.php?id=contact

Friday 27th of January 2023 03:15:29 PM|/PHP/siteb2/index.php?id=about|http://localhost/PHP/siteb2/index.php?id=contact

Friday 27th of January 2023 03:15:29 PM|/PHP/siteb2/index.php?id=about|http://localhost/PHP/siteb2/index.php?id=contact

Friday 27th of January 2023 03:16:00 PM|/PHP/siteb2/index.php?id=about|http://localhost/PHP/siteb2/index.php?id=contact

Friday 27th of January 2023 03:16:02 PM|/PHP/siteb2/index.php?id=about|http://localhost/PHP/siteb2/index.php?id=contact

Friday 27th of January 2023 03:16:02 PM|/PHP/siteb2/index.php?id=about|http://localhost/PHP/siteb2/index.php?id=contact

Friday 27th of January 2023 03:16:02 PM|/PHP/siteb2/index.php?id=about|http://localhost/PHP/siteb2/index.php?id=contact

Friday 27th of January 2023 03:17:55 PM|/PHP/siteb2/index.php?id=about|http://localhost/PHP/siteb2/index.php?id=contact

Friday 27th of January 2023 03:17:55 PM|/PHP/siteb2/index.php?id=about|http://localhost/PHP/siteb2/index.php?id=contact

Friday 27th of January 2023 03:17:55 PM|/PHP/siteb2/index.php?id=about|http://localhost/PHP/siteb2/index.php?id=contact

Friday 27th of January 2023 03:17:56 PM|/PHP/siteb2/index.php?id=about|http://localhost/PHP/siteb2/index.php?id=contact

Friday 27th of January 2023 03:17:57 PM|/PHP/siteb2/index.php?id=about|http://localhost/PHP/siteb2/index.php?id=contact

Friday 27th of January 2023 03:17:57 PM|/PHP/siteb2/index.php?id=about|http://localhost/PHP/siteb2/index.php?id=contact

Friday 27th of January 2023 03:17:57 PM|/PHP/siteb2/index.php?id=about|http://localhost/PHP/siteb2/index.php?id=contact

Friday 27th of January 2023 03:17:57 PM|/PHP/siteb2/index.php?id=about|http://localhost/PHP/siteb2/index.php?id=contact

Friday 27th of January 2023 03:17:59 PM|/PHP/siteb2/index.php?id=about|http://localhost/PHP/siteb2/index.php?id=contact

Friday 27th of January 2023 03:17:59 PM|/PHP/siteb2/index.php?id=about|http://localhost/PHP/siteb2/index.php?id=contact

Friday 27th of January 2023 03:17:59 PM|/PHP/siteb2/index.php?id=about|http://localhost/PHP/siteb2/index.php?id=contact

Friday 27th of January 2023 03:17:59 PM|/PHP/siteb2/index.php?id=about|http://localhost/PHP/siteb2/index.php?id=contact

Friday 27th of January 2023 03:18:00 PM|/PHP/siteb2/index.php?id=about|http://localhost/PHP/siteb2/index.php?id=contact

Friday 27th of January 2023 03:18:01 PM|/PHP/siteb2/index.php?id=about|http://localhost/PHP/siteb2/index.php?id=contact

Friday 27th of January 2023 03:18:01 PM|/PHP/siteb2/index.php?id=about|http://localhost/PHP/siteb2/index.php?id=contact

Friday 27th of January 2023 03:18:01 PM|/PHP/siteb2/index.php?id=about|http://localhost/PHP/siteb2/index.php?id=contact

Friday 27th of January 2023 03:18:08 PM|/PHP/siteb2/index.php?id=about|http://localhost/PHP/siteb2/index.php?id=contact

Friday 27th of January 2023 03:18:09 PM|/PHP/siteb2/index.php?id=about|http://localhost/PHP/siteb2/index.php?id=contact

Friday 27th of January 2023 03:18:09 PM|/PHP/siteb2/index.php?id=about|http://localhost/PHP/siteb2/index.php?id=contact

Friday 27th of January 2023 03:18:09 PM|/PHP/siteb2/index.php?id=about|http://localhost/PHP/siteb2/index.php?id=contact

Friday 27th of January 2023 03:18:09 PM|/PHP/siteb2/index.php?id=about|http://localhost/PHP/siteb2/index.php?id=contact

Friday 27th of January 2023 03:18:10 PM|/PHP/siteb2/index.php?id=about|http://localhost/PHP/siteb2/index.php?id=contact

Friday 27th of January 2023 03:18:10 PM|/PHP/siteb2/index.php?id=about|http://localhost/PHP/siteb2/index.php?id=contact

Friday 27th of January 2023 03:18:33 PM|/PHP/siteb2/index.php?id=about|http://localhost/PHP/siteb2/index.php?id=contact

Friday 27th of January 2023 03:18:34 PM|/PHP/siteb2/index.php?id=about|http://localhost/PHP/siteb2/index.php?id=contact

Friday 27th of January 2023 03:18:34 PM|/PHP/siteb2/index.php?id=about|http://localhost/PHP/siteb2/index.php?id=contact

Friday 27th of January 2023 03:18:35 PM|/PHP/siteb2/index.php?id=about|http://localhost/PHP/siteb2/index.php?id=contact

Friday 27th of January 2023 03:18:35 PM|/PHP/siteb2/index.php?id=about|http://localhost/PHP/siteb2/index.php?id=contact

Friday 27th of January 2023 03:18:35 PM|/PHP/siteb2/index.php?id=about|http://localhost/PHP/siteb2/index.php?id=contact

Friday 27th of January 2023 03:18:35 PM|/PHP/siteb2/index.php?id=about|http://localhost/PHP/siteb2/index.php?id=contact

Friday 27th of January 2023 03:18:36 PM|/PHP/siteb2/index.php?id=about|http://localhost/PHP/siteb2/index.php?id=contact

Friday 27th of January 2023 03:18:36 PM|/PHP/siteb2/index.php?id=about|http://localhost/PHP/siteb2/index.php?id=contact

Friday 27th of January 2023 03:18:37 PM|/PHP/siteb2/index.php?id=about|http://localhost/PHP/siteb2/index.php?id=contact

Friday 27th of January 2023 03:18:52 PM|/PHP/siteb2/index.php?id=about|http://localhost/PHP/siteb2/index.php?id=contact

Friday 27th of January 2023 03:18:53 PM|/PHP/siteb2/index.php?id=about|http://localhost/PHP/siteb2/index.php?id=contact

Friday 27th of January 2023 03:18:56 PM|/PHP/siteb2/index.php?id=about|

Friday 27th of January 2023 03:18:59 PM|/PHP/siteb2/index.php?id=about|

Friday 27th of January 2023 03:19:06 PM|/PHP/siteb2/index.php|

Friday 27th of January 2023 03:19:08 PM|/PHP/siteb2/index.php|

Friday 27th of January 2023 03:19:08 PM|/PHP/siteb2/index.php|

Friday 27th of January 2023 03:19:09 PM|/PHP/siteb2/index.php|

Friday 27th of January 2023 03:19:09 PM|/PHP/siteb2/index.php|

Friday 27th of January 2023 03:19:11 PM|/PHP/siteb2/index.php|

Friday 27th of January 2023 03:19:11 PM|/PHP/siteb2/index.php|

Friday 27th of January 2023 03:19:11 PM|/PHP/siteb2/index.php|

Friday 27th of January 2023 03:19:17 PM|/PHP/siteb2/index.php|

Friday 27th of January 2023 03:19:17 PM|/PHP/siteb2/index.php|

Friday 27th of January 2023 03:19:18 PM|/PHP/siteb2/index.php|

Friday 27th of January 2023 03:19:21 PM|/PHP/siteb2/index.php?id=log|http://localhost/PHP/siteb2/index.php

Friday 27th of January 2023 03:19:22 PM|/PHP/siteb2/index.php?id=log|http://localhost/PHP/siteb2/index.php?id=log

Friday 27th of January 2023 03:19:22 PM|/PHP/siteb2/index.php?id=log|http://localhost/PHP/siteb2/index.php?id=log

Friday 27th of January 2023 03:19:25 PM|/PHP/siteb2/index.php?id=log|http://localhost/PHP/siteb2/index.php?id=log

Friday 27th of January 2023 03:22:00 PM|/PHP/siteb2/index.php?id=log|http://localhost/PHP/siteb2/index.php?id=log

Friday 27th of January 2023 03:22:00 PM|/PHP/siteb2/index.php?id=log|http://localhost/PHP/siteb2/index.php?id=log

Friday 27th of January 2023 03:22:01 PM|/PHP/siteb2/index.php?id=log|http://localhost/PHP/siteb2/index.php?id=log

Friday 27th of January 2023 03:22:01 PM|/PHP/siteb2/index.php?id=log|http://localhost/PHP/siteb2/index.php?id=log

Friday 27th of January 2023 03:22:02 PM|/PHP/siteb2/index.php?id=log|http://localhost/PHP/siteb2/index.php?id=log

Friday 27th of January 2023 03:26:44 PM|/PHP/siteb2/index.php?id=log|http://localhost/PHP/siteb2/index.php?id=log

Friday 27th of January 2023 03:26:46 PM|/PHP/siteb2/index.php?id=log|http://localhost/PHP/siteb2/index.php?id=log

Friday 27th of January 2023 03:26:46 PM|/PHP/siteb2/index.php?id=log|http://localhost/PHP/siteb2/index.php?id=log

Friday 27th of January 2023 03:26:46 PM|/PHP/siteb2/index.php?id=log|http://localhost/PHP/siteb2/index.php?id=log

Friday 27th of January 2023 03:26:47 PM|/PHP/siteb2/index.php?id=log|http://localhost/PHP/siteb2/index.php?id=log

Friday 27th of January 2023 03:26:48 PM|/PHP/siteb2/index.php?id=gbook|http://localhost/PHP/siteb2/index.php?id=log

Friday 27th of January 2023 03:26:48 PM|/PHP/siteb2/index.php?id=log|http://localhost/PHP/siteb2/index.php?id=gbook

Friday 27th of January 2023 03:26:49 PM|/PHP/siteb2/index.php?id=log|http://localhost/PHP/siteb2/index.php?id=gbook

Friday 27th of January 2023 03:26:49 PM|/PHP/siteb2/index.php?id=log|http://localhost/PHP/siteb2/index.php?id=gbook

Friday 27th of January 2023 03:26:50 PM|/PHP/siteb2/index.php|http://localhost/PHP/siteb2/index.php?id=log

Friday 27th of January 2023 03:26:50 PM|/PHP/siteb2/index.php?id=contact|http://localhost/PHP/siteb2/index.php

Friday 27th of January 2023 03:26:50 PM|/PHP/siteb2/index.php?id=about|http://localhost/PHP/siteb2/index.php?id=contact

Friday 27th of January 2023 03:26:51 PM|/PHP/siteb2/index.php?id=gbook|http://localhost/PHP/siteb2/index.php?id=about

Friday 27th of January 2023 03:26:52 PM|/PHP/siteb2/index.php?id=log|http://localhost/PHP/siteb2/index.php?id=gbook

Friday 27th of January 2023 03:26:52 PM|/PHP/siteb2/index.php?id=log|http://localhost/PHP/siteb2/index.php?id=gbook

Friday 27th of January 2023 03:26:52 PM|/PHP/siteb2/index.php?id=log|http://localhost/PHP/siteb2/index.php?id=gbook

Friday 27th of January 2023 03:26:53 PM|/PHP/siteb2/index.php?id=log|http://localhost/PHP/siteb2/index.php?id=gbook

Friday 27th of January 2023 03:26:53 PM|/PHP/siteb2/index.php?id=log|http://localhost/PHP/siteb2/index.php?id=gbook

Friday 27th of January 2023 03:26:53 PM|/PHP/siteb2/index.php?id=log|http://localhost/PHP/siteb2/index.php?id=gbook

Friday 27th of January 2023 03:26:54 PM|/PHP/siteb2/index.php?id=log|http://localhost/PHP/siteb2/index.php?id=gbook

Friday 27th of January 2023 03:26:54 PM|/PHP/siteb2/index.php?id=log|http://localhost/PHP/siteb2/index.php?id=gbook

Friday 27th of January 2023 03:33:20 PM|/PHP/siteb2/index.php?id=log|http://localhost/PHP/siteb2/index.php?id=gbook

Friday 27th of January 2023 03:33:20 PM|/PHP/siteb2/index.php?id=log|http://localhost/PHP/siteb2/index.php?id=gbook

Friday 27th of January 2023 05:48:38 PM|/PHP/siteb2/index.php|

Friday 27th of January 2023 05:48:41 PM|/PHP/siteb2/index.php|

Friday 27th of January 2023 05:48:41 PM|/PHP/siteb2/index.php|

Friday 27th of January 2023 05:48:45 PM|/PHP/siteb2/index.php|

Friday 27th of January 2023 05:48:48 PM|/PHP/siteb2/index.php?id=log|http://localhost/PHP/siteb2/index.php

Friday 27th of January 2023 05:48:54 PM|/PHP/siteb2/index.php|http://localhost/PHP/siteb2/index.php?id=log

Friday 27th of January 2023 05:48:55 PM|/PHP/siteb2/index.php?id=about|http://localhost/PHP/siteb2/index.php

Friday 27th of January 2023 05:48:55 PM|/PHP/siteb2/index.php?id=info|http://localhost/PHP/siteb2/index.php?id=about

Friday 27th of January 2023 05:48:56 PM|/PHP/siteb2/index.php?id=gbook|http://localhost/PHP/siteb2/index.php?id=info

Friday 27th of January 2023 05:48:56 PM|/PHP/siteb2/index.php?id=log|http://localhost/PHP/siteb2/index.php?id=gbook

Tuesday 7th of February 2023 01:24:20 PM|/PHP/siteb2/|

Tuesday 7th of February 2023 01:24:25 PM|/PHP/siteb2/index.php?id=contact|http://localhost/PHP/siteb2/

Tuesday 7th of February 2023 01:24:27 PM|/PHP/siteb2/index.php?id=about|http://localhost/PHP/siteb2/index.php?id=contact

Tuesday 7th of February 2023 01:24:30 PM|/PHP/siteb2/index.php?id=info|http://localhost/PHP/siteb2/index.php?id=about

Tuesday 7th of February 2023 01:24:31 PM|/PHP/siteb2/index.php?id=gbook|http://localhost/PHP/siteb2/index.php?id=info

Tuesday 7th of February 2023 01:24:32 PM|/PHP/siteb2/index.php?id=log|http://localhost/PHP/siteb2/index.php?id=info

Tuesday 7th of February 2023 01:24:49 PM|/PHP/siteb2/index.php?id=log|http://localhost/PHP/siteb2/index.php?id=info

Tuesday 7th of February 2023 01:24:52 PM|/PHP/siteb2/index.php|http://localhost/PHP/siteb2/index.php?id=log

Tuesday 7th of February 2023 01:24:54 PM|/PHP/siteb2/index.php?id=contact|http://localhost/PHP/siteb2/index.php

Tuesday 7th of February 2023 01:24:54 PM|/PHP/siteb2/index.php?id=about|http://localhost/PHP/siteb2/index.php?id=contact

Tuesday 7th of February 2023 01:24:55 PM|/PHP/siteb2/index.php?id=info|http://localhost/PHP/siteb2/index.php?id=about

Tuesday 7th of February 2023 01:24:56 PM|/PHP/siteb2/index.php?id=gbook|http://localhost/PHP/siteb2/index.php?id=info

Tuesday 7th of February 2023 01:24:57 PM|/PHP/siteb2/index.php?id=log|http://localhost/PHP/siteb2/index.php?id=info

Tuesday 7th of February 2023 01:24:59 PM|/PHP/siteb2/index.php?id=contact|http://localhost/PHP/siteb2/index.php?id=log

Tuesday 7th of February 2023 01:25:00 PM|/PHP/siteb2/index.php?id=about|http://localhost/PHP/siteb2/index.php?id=contact

Tuesday 7th of February 2023 01:25:03 PM|/PHP/siteb2/index.php|http://localhost/PHP/siteb2/index.php?id=about

Tuesday 7th of February 2023 01:27:22 PM|/PHP/siteb2/index.php?id=contact|http://localhost/PHP/siteb2/index.php

Tuesday 7th of February 2023 01:27:24 PM|/PHP/siteb2/index.php?id=about|http://localhost/PHP/siteb2/index.php?id=contact

Tuesday 7th of February 2023 01:27:27 PM|/PHP/siteb2/index.php?id=contact|http://localhost/PHP/siteb2/index.php?id=about

Tuesday 7th of February 2023 01:27:32 PM|/PHP/siteb2/index.php?id=gbook|http://localhost/PHP/siteb2/index.php?id=contact

Tuesday 7th of February 2023 01:27:35 PM|/PHP/siteb2/index.php?id=gbook|http://localhost/PHP/siteb2/index.php?id=gbook

Tuesday 7th of February 2023 01:27:44 PM|/PHP/siteb2/index.php?id=gbook|http://localhost/PHP/siteb2/index.php?id=gbook

Tuesday 7th of February 2023 02:07:16 PM|/PHP/siteb2/|

Tuesday 7th of February 2023 02:07:19 PM|/PHP/siteb2/index.php?id=gbook|http://localhost/PHP/siteb2/

Tuesday 7th of February 2023 04:34:45 PM|/PHP/siteb2/|

Tuesday 7th of February 2023 04:34:47 PM|/PHP/siteb2/index.php?id=gbook|http://localhost/PHP/siteb2/

Tuesday 7th of February 2023 04:35:27 PM|/PHP/siteb2/index.php?id=gbook|http://localhost/PHP/siteb2/

Tuesday 7th of February 2023 04:36:50 PM|/PHP/siteb2/index.php?id=gbook|http://localhost/PHP/siteb2/

Tuesday 7th of February 2023 04:37:17 PM|/PHP/siteb2/index.php?id=gbook|http://localhost/PHP/siteb2/

Tuesday 7th of February 2023 04:38:10 PM|/PHP/siteb2/index.php?id=gbook|http://localhost/PHP/siteb2/

Tuesday 7th of February 2023 04:38:14 PM|/PHP/siteb2/index.php?id=gbook|http://localhost/PHP/siteb2/

Tuesday 7th of February 2023 04:42:49 PM|/PHP/siteb2/index.php?id=gbook|http://localhost/PHP/siteb2/

Tuesday 7th of February 2023 04:42:58 PM|/PHP/siteb2/index.php?id=gbook|http://localhost/PHP/siteb2/index.php?id=gbook

Tuesday 7th of February 2023 04:46:10 PM|/PHP/siteb2/index.php?id=gbook|http://localhost/PHP/siteb2/index.php?id=gbook

Tuesday 7th of February 2023 04:46:32 PM|/PHP/siteb2/index.php?id=gbook|http://localhost/PHP/siteb2/index.php?id=gbook

Tuesday 7th of February 2023 04:47:10 PM|/PHP/siteb2/index.php?id=gbook|http://localhost/PHP/siteb2/index.php?id=gbook

Tuesday 7th of February 2023 05:09:16 PM|/PHP/siteb2/index.php?id=gbook|http://localhost/PHP/siteb2/index.php?id=gbook

Tuesday 7th of February 2023 05:09:24 PM|/PHP/siteb2/index.php?id=gbook|http://localhost/PHP/siteb2/index.php?id=gbook

Tuesday 7th of February 2023 05:09:29 PM|/PHP/siteb2/index.php|http://localhost/PHP/siteb2/index.php?id=gbook

Tuesday 7th of February 2023 05:09:37 PM|/PHP/siteb2/index.php?id=gbook|http://localhost/PHP/siteb2/index.php

Tuesday 7th of February 2023 05:09:39 PM|/PHP/siteb2/index.php?id=log|http://localhost/PHP/siteb2/index.php

Tuesday 7th of February 2023 05:09:40 PM|/PHP/siteb2/index.php?id=info|http://localhost/PHP/siteb2/index.php?id=log

Tuesday 7th of February 2023 05:09:42 PM|/PHP/siteb2/index.php?id=about|http://localhost/PHP/siteb2/index.php?id=info

Tuesday 7th of February 2023 05:09:43 PM|/PHP/siteb2/index.php?id=contact|http://localhost/PHP/siteb2/index.php?id=about

Tuesday 7th of February 2023 05:09:46 PM|/PHP/siteb2/index.php?id=gbook|http://localhost/PHP/siteb2/index.php?id=contact

Tuesday 7th of February 2023 05:09:48 PM|/PHP/siteb2/index.php?id=gbook|http://localhost/PHP/siteb2/index.php?id=contact

Tuesday 7th of February 2023 05:11:35 PM|/PHP/siteb2/index.php?id=gbook|http://localhost/PHP/siteb2/index.php?id=gbook

Tuesday 7th of February 2023 05:12:25 PM|/PHP/siteb2/index.php?id=gbook|http://localhost/PHP/siteb2/index.php?id=gbook

Tuesday 7th of February 2023 05:16:35 PM|/PHP/siteb2/index.php?id=gbook|http://localhost/PHP/siteb2/index.php?id=gbook

Tuesday 7th of February 2023 05:16:44 PM|/PHP/siteb2/index.php?id=gbook|http://localhost/PHP/siteb2/index.php?id=gbook

Tuesday 7th of February 2023 05:29:15 PM|/PHP/siteb2/index.php?id=gbook|http://localhost/PHP/siteb2/index.php?id=gbook

Tuesday 7th of February 2023 05:29:25 PM|/PHP/siteb2/index.php?id=gbook|http://localhost/PHP/siteb2/index.php?id=gbook

Tuesday 7th of February 2023 05:39:23 PM|/PHP/siteb2/index.php?id=gbook|http://localhost/PHP/siteb2/index.php?id=gbook

Tuesday 7th of February 2023 05:39:33 PM|/PHP/siteb2/index.php?id=gbook|http://localhost/PHP/siteb2/index.php?id=gbook

Tuesday 7th of February 2023 05:42:40 PM|/PHP/siteb2/index.php?id=gbook|http://localhost/PHP/siteb2/index.php?id=gbook

Tuesday 7th of February 2023 05:42:47 PM|/PHP/siteb2/index.php?id=gbook|http://localhost/PHP/siteb2/index.php?id=gbook

Tuesday 7th of February 2023 05:44:43 PM|/PHP/siteb2/index.php?id=gbook|http://localhost/PHP/siteb2/index.php?id=gbook

Tuesday 7th of February 2023 05:44:53 PM|/PHP/siteb2/index.php?id=gbook|http://localhost/PHP/siteb2/index.php?id=gbook

Tuesday 7th of February 2023 05:44:59 PM|/PHP/siteb2/index.php|http://localhost/PHP/siteb2/index.php?id=gbook

Tuesday 7th of February 2023 05:45:01 PM|/PHP/siteb2/index.php?id=contact|http://localhost/PHP/siteb2/index.php

Tuesday 7th of February 2023 05:45:02 PM|/PHP/siteb2/index.php?id=about|http://localhost/PHP/siteb2/index.php?id=contact

Tuesday 7th of February 2023 05:45:04 PM|/PHP/siteb2/index.php?id=info|http://localhost/PHP/siteb2/index.php?id=about

Tuesday 7th of February 2023 05:45:06 PM|/PHP/siteb2/index.php?id=gbook|http://localhost/PHP/siteb2/index.php?id=info

Tuesday 7th of February 2023 05:45:07 PM|/PHP/siteb2/index.php?id=log|http://localhost/PHP/siteb2/index.php?id=info

Tuesday 7th of February 2023 05:45:08 PM|/PHP/siteb2/index.php?id=gbook|http://localhost/PHP/siteb2/index.php?id=log

Tuesday 7th of February 2023 05:45:11 PM|/PHP/siteb2/index.php?id=log|http://localhost/PHP/siteb2/index.php?id=gbook

Tuesday 7th of February 2023 05:45:37 PM|/PHP/siteb2/index.php?id=gbook|http://localhost/PHP/siteb2/index.php?id=log

Tuesday 7th of February 2023 05:46:15 PM|/PHP/siteb2/index.php?id=gbook|http://localhost/PHP/siteb2/index.php?id=log

Tuesday 7th of February 2023 05:46:24 PM|/PHP/siteb2/index.php?id=gbook|http://localhost/PHP/siteb2/index.php?id=gbook

Tuesday 7th of February 2023 05:53:33 PM|/PHP/siteb2/index.php?id=gbook|http://localhost/PHP/siteb2/index.php?id=gbook

Tuesday 7th of February 2023 05:53:43 PM|/PHP/siteb2/index.php?id=gbook|http://localhost/PHP/siteb2/index.php?id=gbook

Tuesday 7th of February 2023 06:01:00 PM|/PHP/siteb2/index.php?id=gbook|http://localhost/PHP/siteb2/index.php?id=gbook

Tuesday 7th of February 2023 06:06:19 PM|/PHP/siteb2/index.php?id=gbook|http://localhost/PHP/siteb2/index.php?id=gbook

Tuesday 7th of February 2023 06:06:28 PM|/PHP/siteb2/index.php?id=gbook|http://localhost/PHP/siteb2/index.php?id=gbook

Tuesday 23rd of May 2023 05:31:04 AM|/PHP/siteb2/|

